<?xml version="1.0" encoding="UTF-8"?>
<testsuite xmlns:xsi="http://www.w3.org/2001/XMLSchema-instance" xsi:noNamespaceSchemaLocation="https://maven.apache.org/surefire/maven-surefire-plugin/xsd/surefire-test-report.xsd" name="com.zho.AppTest" time="0.027" tests="1" errors="0" skipped="0" failures="0">
  <properties>
    <property name="java.specification.version" value="23"/>
    <property name="sun.jnu.encoding" value="UTF-8"/>
    <property name="java.class.path" value="/Users/zachderhake/Documents/Programming/autoblog4/target/test-classes:/Users/zachderhake/Documents/Programming/autoblog4/target/classes:/Users/zachderhake/.m2/repository/com/squareup/okhttp3/okhttp/4.12.0/okhttp-4.12.0.jar:/Users/zachderhake/.m2/repository/com/squareup/okio/okio/3.6.0/okio-3.6.0.jar:/Users/zachderhake/.m2/repository/com/squareup/okio/okio-jvm/3.6.0/okio-jvm-3.6.0.jar:/Users/zachderhake/.m2/repository/org/jetbrains/kotlin/kotlin-stdlib-common/1.9.10/kotlin-stdlib-common-1.9.10.jar:/Users/zachderhake/.m2/repository/org/jetbrains/kotlin/kotlin-stdlib-jdk8/1.8.21/kotlin-stdlib-jdk8-1.8.21.jar:/Users/zachderhake/.m2/repository/org/jetbrains/kotlin/kotlin-stdlib/1.8.21/kotlin-stdlib-1.8.21.jar:/Users/zachderhake/.m2/repository/org/jetbrains/annotations/13.0/annotations-13.0.jar:/Users/zachderhake/.m2/repository/org/jetbrains/kotlin/kotlin-stdlib-jdk7/1.8.21/kotlin-stdlib-jdk7-1.8.21.jar:/Users/zachderhake/.m2/repository/junit/junit/4.11/junit-4.11.jar:/Users/zachderhake/.m2/repository/org/hamcrest/hamcrest-core/1.3/hamcrest-core-1.3.jar:/Users/zachderhake/.m2/repository/org/apache/httpcomponents/client5/httpclient5/5.2/httpclient5-5.2.jar:/Users/zachderhake/.m2/repository/org/apache/httpcomponents/core5/httpcore5/5.2/httpcore5-5.2.jar:/Users/zachderhake/.m2/repository/org/apache/httpcomponents/core5/httpcore5-h2/5.2/httpcore5-h2-5.2.jar:/Users/zachderhake/.m2/repository/org/slf4j/slf4j-api/1.7.36/slf4j-api-1.7.36.jar:/Users/zachderhake/.m2/repository/com/fasterxml/jackson/core/jackson-databind/2.15.2/jackson-databind-2.15.2.jar:/Users/zachderhake/.m2/repository/com/fasterxml/jackson/core/jackson-annotations/2.15.2/jackson-annotations-2.15.2.jar:/Users/zachderhake/.m2/repository/com/fasterxml/jackson/core/jackson-core/2.15.2/jackson-core-2.15.2.jar:/Users/zachderhake/.m2/repository/org/json/json/20231013/json-20231013.jar:/Users/zachderhake/.m2/repository/ch/qos/logback/logback-classic/1.4.14/logback-classic-1.4.14.jar:/Users/zachderhake/.m2/repository/ch/qos/logback/logback-core/1.4.14/logback-core-1.4.14.jar:/Users/zachderhake/.m2/repository/com/google/api-ads/google-ads/34.0.0/google-ads-34.0.0.jar:/Users/zachderhake/.m2/repository/com/google/api/gax/2.53.0/gax-2.53.0.jar:/Users/zachderhake/.m2/repository/com/google/api/api-common/2.36.0/api-common-2.36.0.jar:/Users/zachderhake/.m2/repository/com/google/api/grpc/proto-google-common-protos/2.44.0/proto-google-common-protos-2.44.0.jar:/Users/zachderhake/.m2/repository/org/threeten/threetenbp/1.6.9/threetenbp-1.6.9.jar:/Users/zachderhake/.m2/repository/io/opencensus/opencensus-api/0.31.1/opencensus-api-0.31.1.jar:/Users/zachderhake/.m2/repository/io/grpc/grpc-context/1.27.2/grpc-context-1.27.2.jar:/Users/zachderhake/.m2/repository/com/google/api/gax-grpc/2.53.0/gax-grpc-2.53.0.jar:/Users/zachderhake/.m2/repository/io/grpc/grpc-api/1.66.0/grpc-api-1.66.0.jar:/Users/zachderhake/.m2/repository/io/grpc/grpc-inprocess/1.66.0/grpc-inprocess-1.66.0.jar:/Users/zachderhake/.m2/repository/io/grpc/grpc-core/1.66.0/grpc-core-1.66.0.jar:/Users/zachderhake/.m2/repository/com/google/android/annotations/4.1.1.4/annotations-4.1.1.4.jar:/Users/zachderhake/.m2/repository/org/codehaus/mojo/animal-sniffer-annotations/1.24/animal-sniffer-annotations-1.24.jar:/Users/zachderhake/.m2/repository/io/grpc/grpc-alts/1.66.0/grpc-alts-1.66.0.jar:/Users/zachderhake/.m2/repository/io/grpc/grpc-grpclb/1.66.0/grpc-grpclb-1.66.0.jar:/Users/zachderhake/.m2/repository/org/conscrypt/conscrypt-openjdk-uber/2.5.2/conscrypt-openjdk-uber-2.5.2.jar:/Users/zachderhake/.m2/repository/io/grpc/grpc-auth/1.66.0/grpc-auth-1.66.0.jar:/Users/zachderhake/.m2/repository/io/grpc/grpc-netty-shaded/1.66.0/grpc-netty-shaded-1.66.0.jar:/Users/zachderhake/.m2/repository/io/grpc/grpc-util/1.66.0/grpc-util-1.66.0.jar:/Users/zachderhake/.m2/repository/io/perfmark/perfmark-api/0.27.0/perfmark-api-0.27.0.jar:/Users/zachderhake/.m2/repository/io/grpc/grpc-googleapis/1.66.0/grpc-googleapis-1.66.0.jar:/Users/zachderhake/.m2/repository/io/grpc/grpc-xds/1.66.0/grpc-xds-1.66.0.jar:/Users/zachderhake/.m2/repository/io/grpc/grpc-services/1.66.0/grpc-services-1.66.0.jar:/Users/zachderhake/.m2/repository/com/google/re2j/re2j/1.7/re2j-1.7.jar:/Users/zachderhake/.m2/repository/com/google/protobuf/protobuf-java/3.25.4/protobuf-java-3.25.4.jar:/Users/zachderhake/.m2/repository/io/grpc/grpc-stub/1.66.0/grpc-stub-1.66.0.jar:/Users/zachderhake/.m2/repository/com/google/errorprone/error_prone_annotations/2.28.0/error_prone_annotations-2.28.0.jar:/Users/zachderhake/.m2/repository/io/grpc/grpc-protobuf/1.66.0/grpc-protobuf-1.66.0.jar:/Users/zachderhake/.m2/repository/com/google/code/findbugs/jsr305/3.0.2/jsr305-3.0.2.jar:/Users/zachderhake/.m2/repository/io/grpc/grpc-protobuf-lite/1.66.0/grpc-protobuf-lite-1.66.0.jar:/Users/zachderhake/.m2/repository/com/google/auth/google-auth-library-oauth2-http/1.25.0/google-auth-library-oauth2-http-1.25.0.jar:/Users/zachderhake/.m2/repository/com/google/http-client/google-http-client/1.45.0/google-http-client-1.45.0.jar:/Users/zachderhake/.m2/repository/org/apache/httpcomponents/httpclient/4.5.14/httpclient-4.5.14.jar:/Users/zachderhake/.m2/repository/org/apache/httpcomponents/httpcore/4.4.16/httpcore-4.4.16.jar:/Users/zachderhake/.m2/repository/io/opencensus/opencensus-contrib-http-util/0.31.1/opencensus-contrib-http-util-0.31.1.jar:/Users/zachderhake/.m2/repository/com/google/http-client/google-http-client-gson/1.45.0/google-http-client-gson-1.45.0.jar:/Users/zachderhake/.m2/repository/com/google/auth/google-auth-library-credentials/1.25.0/google-auth-library-credentials-1.25.0.jar:/Users/zachderhake/.m2/repository/com/google/api-ads/google-ads-codegen/34.0.0/google-ads-codegen-34.0.0.jar:/Users/zachderhake/.m2/repository/com/google/api-ads/google-ads-stubs-lib/34.0.0/google-ads-stubs-lib-34.0.0.jar:/Users/zachderhake/.m2/repository/com/google/api-ads/google-ads-stubs-v16/34.0.0/google-ads-stubs-v16-34.0.0.jar:/Users/zachderhake/.m2/repository/com/google/api-ads/google-ads-stubs-v17/34.0.0/google-ads-stubs-v17-34.0.0.jar:/Users/zachderhake/.m2/repository/com/google/api-ads/google-ads-stubs-v18/34.0.0/google-ads-stubs-v18-34.0.0.jar:/Users/zachderhake/.m2/repository/com/squareup/javapoet/1.11.1/javapoet-1.11.1.jar:/Users/zachderhake/.m2/repository/com/google/protobuf/protobuf-java-util/3.25.4/protobuf-java-util-3.25.4.jar:/Users/zachderhake/.m2/repository/com/google/code/gson/gson/2.8.9/gson-2.8.9.jar:/Users/zachderhake/.m2/repository/com/google/j2objc/j2objc-annotations/2.8/j2objc-annotations-2.8.jar:/Users/zachderhake/.m2/repository/com/google/guava/guava/33.3.0-jre/guava-33.3.0-jre.jar:/Users/zachderhake/.m2/repository/com/google/guava/failureaccess/1.0.2/failureaccess-1.0.2.jar:/Users/zachderhake/.m2/repository/com/google/guava/listenablefuture/9999.0-empty-to-avoid-conflict-with-guava/listenablefuture-9999.0-empty-to-avoid-conflict-with-guava.jar:/Users/zachderhake/.m2/repository/org/checkerframework/checker-qual/3.43.0/checker-qual-3.43.0.jar:/Users/zachderhake/.m2/repository/com/google/auto/service/auto-service/1.0.1/auto-service-1.0.1.jar:/Users/zachderhake/.m2/repository/com/google/auto/service/auto-service-annotations/1.0.1/auto-service-annotations-1.0.1.jar:/Users/zachderhake/.m2/repository/com/google/auto/auto-common/1.2/auto-common-1.2.jar:/Users/zachderhake/.m2/repository/javax/annotation/javax.annotation-api/1.3.2/javax.annotation-api-1.3.2.jar:/Users/zachderhake/.m2/repository/com/google/auto/value/auto-value-annotations/1.11.0/auto-value-annotations-1.11.0.jar:/Users/zachderhake/.m2/repository/oauth/signpost/signpost-core/1.2.1.2/signpost-core-1.2.1.2.jar:/Users/zachderhake/.m2/repository/commons-codec/commons-codec/1.3/commons-codec-1.3.jar:/Users/zachderhake/.m2/repository/com/mysql/mysql-connector-j/8.0.33/mysql-connector-j-8.0.33.jar:"/>
    <property name="java.vm.vendor" value="Homebrew"/>
    <property name="sun.arch.data.model" value="64"/>
    <property name="java.vendor.url" value="https://github.com/Homebrew/homebrew-core/issues"/>
    <property name="os.name" value="Mac OS X"/>
    <property name="java.vm.specification.version" value="23"/>
    <property name="sun.java.launcher" value="SUN_STANDARD"/>
    <property name="user.country" value="US"/>
    <property name="sun.boot.library.path" value="/opt/homebrew/Cellar/openjdk/23.0.1/libexec/openjdk.jdk/Contents/Home/lib"/>
    <property name="sun.java.command" value="/Users/zachderhake/Documents/Programming/autoblog4/target/surefire/surefirebooter5871680894514719682.jar /Users/zachderhake/Documents/Programming/autoblog4/target/surefire 2025-01-18T14-23-11_659-jvmRun1 surefire7439303458577857169tmp surefire_016898942169157521916tmp"/>
    <property name="http.nonProxyHosts" value="local|*.local|169.254/16|*.169.254/16"/>
    <property name="jdk.debug" value="release"/>
    <property name="surefire.test.class.path" value="/Users/zachderhake/Documents/Programming/autoblog4/target/test-classes:/Users/zachderhake/Documents/Programming/autoblog4/target/classes:/Users/zachderhake/.m2/repository/com/squareup/okhttp3/okhttp/4.12.0/okhttp-4.12.0.jar:/Users/zachderhake/.m2/repository/com/squareup/okio/okio/3.6.0/okio-3.6.0.jar:/Users/zachderhake/.m2/repository/com/squareup/okio/okio-jvm/3.6.0/okio-jvm-3.6.0.jar:/Users/zachderhake/.m2/repository/org/jetbrains/kotlin/kotlin-stdlib-common/1.9.10/kotlin-stdlib-common-1.9.10.jar:/Users/zachderhake/.m2/repository/org/jetbrains/kotlin/kotlin-stdlib-jdk8/1.8.21/kotlin-stdlib-jdk8-1.8.21.jar:/Users/zachderhake/.m2/repository/org/jetbrains/kotlin/kotlin-stdlib/1.8.21/kotlin-stdlib-1.8.21.jar:/Users/zachderhake/.m2/repository/org/jetbrains/annotations/13.0/annotations-13.0.jar:/Users/zachderhake/.m2/repository/org/jetbrains/kotlin/kotlin-stdlib-jdk7/1.8.21/kotlin-stdlib-jdk7-1.8.21.jar:/Users/zachderhake/.m2/repository/junit/junit/4.11/junit-4.11.jar:/Users/zachderhake/.m2/repository/org/hamcrest/hamcrest-core/1.3/hamcrest-core-1.3.jar:/Users/zachderhake/.m2/repository/org/apache/httpcomponents/client5/httpclient5/5.2/httpclient5-5.2.jar:/Users/zachderhake/.m2/repository/org/apache/httpcomponents/core5/httpcore5/5.2/httpcore5-5.2.jar:/Users/zachderhake/.m2/repository/org/apache/httpcomponents/core5/httpcore5-h2/5.2/httpcore5-h2-5.2.jar:/Users/zachderhake/.m2/repository/org/slf4j/slf4j-api/1.7.36/slf4j-api-1.7.36.jar:/Users/zachderhake/.m2/repository/com/fasterxml/jackson/core/jackson-databind/2.15.2/jackson-databind-2.15.2.jar:/Users/zachderhake/.m2/repository/com/fasterxml/jackson/core/jackson-annotations/2.15.2/jackson-annotations-2.15.2.jar:/Users/zachderhake/.m2/repository/com/fasterxml/jackson/core/jackson-core/2.15.2/jackson-core-2.15.2.jar:/Users/zachderhake/.m2/repository/org/json/json/20231013/json-20231013.jar:/Users/zachderhake/.m2/repository/ch/qos/logback/logback-classic/1.4.14/logback-classic-1.4.14.jar:/Users/zachderhake/.m2/repository/ch/qos/logback/logback-core/1.4.14/logback-core-1.4.14.jar:/Users/zachderhake/.m2/repository/com/google/api-ads/google-ads/34.0.0/google-ads-34.0.0.jar:/Users/zachderhake/.m2/repository/com/google/api/gax/2.53.0/gax-2.53.0.jar:/Users/zachderhake/.m2/repository/com/google/api/api-common/2.36.0/api-common-2.36.0.jar:/Users/zachderhake/.m2/repository/com/google/api/grpc/proto-google-common-protos/2.44.0/proto-google-common-protos-2.44.0.jar:/Users/zachderhake/.m2/repository/org/threeten/threetenbp/1.6.9/threetenbp-1.6.9.jar:/Users/zachderhake/.m2/repository/io/opencensus/opencensus-api/0.31.1/opencensus-api-0.31.1.jar:/Users/zachderhake/.m2/repository/io/grpc/grpc-context/1.27.2/grpc-context-1.27.2.jar:/Users/zachderhake/.m2/repository/com/google/api/gax-grpc/2.53.0/gax-grpc-2.53.0.jar:/Users/zachderhake/.m2/repository/io/grpc/grpc-api/1.66.0/grpc-api-1.66.0.jar:/Users/zachderhake/.m2/repository/io/grpc/grpc-inprocess/1.66.0/grpc-inprocess-1.66.0.jar:/Users/zachderhake/.m2/repository/io/grpc/grpc-core/1.66.0/grpc-core-1.66.0.jar:/Users/zachderhake/.m2/repository/com/google/android/annotations/4.1.1.4/annotations-4.1.1.4.jar:/Users/zachderhake/.m2/repository/org/codehaus/mojo/animal-sniffer-annotations/1.24/animal-sniffer-annotations-1.24.jar:/Users/zachderhake/.m2/repository/io/grpc/grpc-alts/1.66.0/grpc-alts-1.66.0.jar:/Users/zachderhake/.m2/repository/io/grpc/grpc-grpclb/1.66.0/grpc-grpclb-1.66.0.jar:/Users/zachderhake/.m2/repository/org/conscrypt/conscrypt-openjdk-uber/2.5.2/conscrypt-openjdk-uber-2.5.2.jar:/Users/zachderhake/.m2/repository/io/grpc/grpc-auth/1.66.0/grpc-auth-1.66.0.jar:/Users/zachderhake/.m2/repository/io/grpc/grpc-netty-shaded/1.66.0/grpc-netty-shaded-1.66.0.jar:/Users/zachderhake/.m2/repository/io/grpc/grpc-util/1.66.0/grpc-util-1.66.0.jar:/Users/zachderhake/.m2/repository/io/perfmark/perfmark-api/0.27.0/perfmark-api-0.27.0.jar:/Users/zachderhake/.m2/repository/io/grpc/grpc-googleapis/1.66.0/grpc-googleapis-1.66.0.jar:/Users/zachderhake/.m2/repository/io/grpc/grpc-xds/1.66.0/grpc-xds-1.66.0.jar:/Users/zachderhake/.m2/repository/io/grpc/grpc-services/1.66.0/grpc-services-1.66.0.jar:/Users/zachderhake/.m2/repository/com/google/re2j/re2j/1.7/re2j-1.7.jar:/Users/zachderhake/.m2/repository/com/google/protobuf/protobuf-java/3.25.4/protobuf-java-3.25.4.jar:/Users/zachderhake/.m2/repository/io/grpc/grpc-stub/1.66.0/grpc-stub-1.66.0.jar:/Users/zachderhake/.m2/repository/com/google/errorprone/error_prone_annotations/2.28.0/error_prone_annotations-2.28.0.jar:/Users/zachderhake/.m2/repository/io/grpc/grpc-protobuf/1.66.0/grpc-protobuf-1.66.0.jar:/Users/zachderhake/.m2/repository/com/google/code/findbugs/jsr305/3.0.2/jsr305-3.0.2.jar:/Users/zachderhake/.m2/repository/io/grpc/grpc-protobuf-lite/1.66.0/grpc-protobuf-lite-1.66.0.jar:/Users/zachderhake/.m2/repository/com/google/auth/google-auth-library-oauth2-http/1.25.0/google-auth-library-oauth2-http-1.25.0.jar:/Users/zachderhake/.m2/repository/com/google/http-client/google-http-client/1.45.0/google-http-client-1.45.0.jar:/Users/zachderhake/.m2/repository/org/apache/httpcomponents/httpclient/4.5.14/httpclient-4.5.14.jar:/Users/zachderhake/.m2/repository/org/apache/httpcomponents/httpcore/4.4.16/httpcore-4.4.16.jar:/Users/zachderhake/.m2/repository/io/opencensus/opencensus-contrib-http-util/0.31.1/opencensus-contrib-http-util-0.31.1.jar:/Users/zachderhake/.m2/repository/com/google/http-client/google-http-client-gson/1.45.0/google-http-client-gson-1.45.0.jar:/Users/zachderhake/.m2/repository/com/google/auth/google-auth-library-credentials/1.25.0/google-auth-library-credentials-1.25.0.jar:/Users/zachderhake/.m2/repository/com/google/api-ads/google-ads-codegen/34.0.0/google-ads-codegen-34.0.0.jar:/Users/zachderhake/.m2/repository/com/google/api-ads/google-ads-stubs-lib/34.0.0/google-ads-stubs-lib-34.0.0.jar:/Users/zachderhake/.m2/repository/com/google/api-ads/google-ads-stubs-v16/34.0.0/google-ads-stubs-v16-34.0.0.jar:/Users/zachderhake/.m2/repository/com/google/api-ads/google-ads-stubs-v17/34.0.0/google-ads-stubs-v17-34.0.0.jar:/Users/zachderhake/.m2/repository/com/google/api-ads/google-ads-stubs-v18/34.0.0/google-ads-stubs-v18-34.0.0.jar:/Users/zachderhake/.m2/repository/com/squareup/javapoet/1.11.1/javapoet-1.11.1.jar:/Users/zachderhake/.m2/repository/com/google/protobuf/protobuf-java-util/3.25.4/protobuf-java-util-3.25.4.jar:/Users/zachderhake/.m2/repository/com/google/code/gson/gson/2.8.9/gson-2.8.9.jar:/Users/zachderhake/.m2/repository/com/google/j2objc/j2objc-annotations/2.8/j2objc-annotations-2.8.jar:/Users/zachderhake/.m2/repository/com/google/guava/guava/33.3.0-jre/guava-33.3.0-jre.jar:/Users/zachderhake/.m2/repository/com/google/guava/failureaccess/1.0.2/failureaccess-1.0.2.jar:/Users/zachderhake/.m2/repository/com/google/guava/listenablefuture/9999.0-empty-to-avoid-conflict-with-guava/listenablefuture-9999.0-empty-to-avoid-conflict-with-guava.jar:/Users/zachderhake/.m2/repository/org/checkerframework/checker-qual/3.43.0/checker-qual-3.43.0.jar:/Users/zachderhake/.m2/repository/com/google/auto/service/auto-service/1.0.1/auto-service-1.0.1.jar:/Users/zachderhake/.m2/repository/com/google/auto/service/auto-service-annotations/1.0.1/auto-service-annotations-1.0.1.jar:/Users/zachderhake/.m2/repository/com/google/auto/auto-common/1.2/auto-common-1.2.jar:/Users/zachderhake/.m2/repository/javax/annotation/javax.annotation-api/1.3.2/javax.annotation-api-1.3.2.jar:/Users/zachderhake/.m2/repository/com/google/auto/value/auto-value-annotations/1.11.0/auto-value-annotations-1.11.0.jar:/Users/zachderhake/.m2/repository/oauth/signpost/signpost-core/1.2.1.2/signpost-core-1.2.1.2.jar:/Users/zachderhake/.m2/repository/commons-codec/commons-codec/1.3/commons-codec-1.3.jar:/Users/zachderhake/.m2/repository/com/mysql/mysql-connector-j/8.0.33/mysql-connector-j-8.0.33.jar:"/>
    <property name="sun.cpu.endian" value="little"/>
    <property name="user.home" value="/Users/zachderhake"/>
    <property name="user.language" value="en"/>
    <property name="java.specification.vendor" value="Oracle Corporation"/>
    <property name="java.version.date" value="2024-10-15"/>
    <property name="java.home" value="/opt/homebrew/Cellar/openjdk/23.0.1/libexec/openjdk.jdk/Contents/Home"/>
    <property name="file.separator" value="/"/>
    <property name="basedir" value="/Users/zachderhake/Documents/Programming/autoblog4"/>
    <property name="java.vm.compressedOopsMode" value="Zero based"/>
    <property name="line.separator" value="&#10;"/>
    <property name="java.vm.specification.vendor" value="Oracle Corporation"/>
    <property name="java.specification.name" value="Java Platform API Specification"/>
    <property name="apple.awt.application.name" value="ForkedBooter"/>
    <property name="surefire.real.class.path" value="/Users/zachderhake/Documents/Programming/autoblog4/target/surefire/surefirebooter5871680894514719682.jar"/>
    <property name="sun.management.compiler" value="HotSpot 64-Bit Tiered Compilers"/>
    <property name="ftp.nonProxyHosts" value="local|*.local|169.254/16|*.169.254/16"/>
    <property name="java.runtime.version" value="23.0.1"/>
    <property name="user.name" value="zachderhake"/>
    <property name="stdout.encoding" value="UTF-8"/>
    <property name="path.separator" value=":"/>
    <property name="os.version" value="14.0"/>
    <property name="java.runtime.name" value="OpenJDK Runtime Environment"/>
    <property name="file.encoding" value="UTF-8"/>
    <property name="java.vm.name" value="OpenJDK 64-Bit Server VM"/>
    <property name="java.vendor.version" value="Homebrew"/>
    <property name="localRepository" value="/Users/zachderhake/.m2/repository"/>
    <property name="java.vendor.url.bug" value="https://github.com/Homebrew/homebrew-core/issues"/>
    <property name="java.io.tmpdir" value="/var/folders/zk/2y8b99r971v6ss_t6l6pnrfw0000gn/T/"/>
    <property name="java.version" value="23.0.1"/>
    <property name="user.dir" value="/Users/zachderhake/Documents/Programming/autoblog4"/>
    <property name="os.arch" value="aarch64"/>
    <property name="java.vm.specification.name" value="Java Virtual Machine Specification"/>
    <property name="native.encoding" value="UTF-8"/>
    <property name="java.library.path" value="/Users/zachderhake/Library/Java/Extensions:/Library/Java/Extensions:/Network/Library/Java/Extensions:/System/Library/Java/Extensions:/usr/lib/java:."/>
    <property name="java.vm.info" value="mixed mode, sharing"/>
    <property name="stderr.encoding" value="UTF-8"/>
    <property name="java.vendor" value="Homebrew"/>
    <property name="java.vm.version" value="23.0.1"/>
    <property name="sun.io.unicode.encoding" value="UnicodeBig"/>
    <property name="socksNonProxyHosts" value="local|*.local|169.254/16|*.169.254/16"/>
    <property name="java.class.version" value="67.0"/>
  </properties>
  <testcase name="shouldAnswerWithTrue" classname="com.zho.AppTest" time="0.003"/>
</testsuite>